<?xml version="1.0" encoding="UTF-8"?>
<testng-results skipped="0" failed="0" ignored="0" total="1" passed="1">
  <reporter-output>
  </reporter-output>
  <suite name="commonClassTestSuite" duration-ms="54831" started-at="2021-12-07T10:07:27 IST" finished-at="2021-12-07T10:08:22 IST">
    <groups>
    </groups>
    <test name="TestLocators" duration-ms="54831" started-at="2021-12-07T10:07:27 IST" finished-at="2021-12-07T10:08:22 IST">
      <class name="com.common.baseClass">
        <test-method status="PASS" signature="VerifyValidLogin()[pri:0, instance:com.common.baseClass@3f49e266]" name="VerifyValidLogin" duration-ms="54726" started-at="2021-12-07T10:07:27 IST" finished-at="2021-12-07T10:08:22 IST">
          <reporter-output>
          </reporter-output>
        </test-method> <!-- VerifyValidLogin -->
      </class> <!-- com.common.baseClass -->
    </test> <!-- TestLocators -->
  </suite> <!-- commonClassTestSuite -->
</testng-results>
