<?xml version="1.0" encoding="UTF-8"?>
<testng-results skipped="0" failed="0" ignored="0" total="1" passed="1">
  <reporter-output>
  </reporter-output>
  <suite name="commonClassTestSuite" duration-ms="55739" started-at="2021-12-07T08:27:25 IST" finished-at="2021-12-07T08:28:21 IST">
    <groups>
    </groups>
    <test name="TestLocators" duration-ms="55739" started-at="2021-12-07T08:27:25 IST" finished-at="2021-12-07T08:28:21 IST">
      <class name="com.common.baseClass">
        <test-method status="PASS" signature="VerifyValidLogin()[pri:0, instance:com.common.baseClass@5ed828d]" name="VerifyValidLogin" duration-ms="55667" started-at="2021-12-07T08:27:25 IST" finished-at="2021-12-07T08:28:21 IST">
          <reporter-output>
          </reporter-output>
        </test-method> <!-- VerifyValidLogin -->
      </class> <!-- com.common.baseClass -->
    </test> <!-- TestLocators -->
  </suite> <!-- commonClassTestSuite -->
</testng-results>
